<?xml version="1.0" encoding="UTF-8"?>
<testsuite xmlns:xsi="http://www.w3.org/2001/XMLSchema-instance" xsi:noNamespaceSchemaLocation="https://maven.apache.org/surefire/maven-surefire-plugin/xsd/surefire-test-report-3.0.xsd" version="3.0" name="Cucumber.Options.TestRunnner" time="5.376" tests="4" errors="0" skipped="0" failures="0">
  <properties>
[...]
</properties>
  <testcase name="Successfully add a new pet with valid details" classname="Validating Pet API" time="2.646">
    <system-out><![CDATA[
@tag @AddPet
Scenario Outline: Successfully add a new pet with valid details # src/main/resources/Feature/AddPet.feature:33
  Given I have a valid pet payload with 10 "doggie" "available" # StepDefinations.StepDefinations.i_have_a_valid_pet_payload_with(int,java.lang.String,java.lang.String)
Request URL: /pet
Response Status Code: 200
Response Body: {"id":10,"category":{"id":10,"name":"Dogs"},"name":"doggie","photoUrls":["string"],"tags":[{"id":0,"name":"string"}],"status":"available"}
  When user sends "AddPetAPI" with "post" http request          # StepDefinations.StepDefinations.user_sends_with_post_http_request(java.lang.String,java.lang.String)
  Then the response status code should be "200"                 # StepDefinations.StepDefinations.the_response_status_code_should_be(java.lang.String)
Checking key: name, Expected: doggie, Actual: doggie
  And the response should contain the "name" and "doggie"       # StepDefinations.StepDefinations.the_response_should_contain_the_and(java.lang.String,java.lang.String)
]]></system-out>
  </testcase>
  <testcase name="Successfully retrieve a pet by ID" classname="Validating Pet API" time="0.603">
    <system-out><![CDATA[
@tag @GetPet
Scenario Outline: Successfully retrieve a pet by ID       # src/main/resources/Feature/AddPet.feature:45
  Given I have a valid pet ID 10                          # StepDefinations.StepDefinations.i_have_a_valid_pet_id(java.lang.Integer)
Request URL: /pet/10
Response Status Code: 200
Response Body: {"id":10,"category":{"id":10,"name":"Dogs"},"name":"doggie","photoUrls":["string"],"tags":[{"id":0,"name":"string"}],"status":"available"}
  When user sends "GetPetAPI" with "get" http request     # StepDefinations.StepDefinations.user_sends_with_post_http_request(java.lang.String,java.lang.String)
  Then the response status code should be "200"           # StepDefinations.StepDefinations.the_response_status_code_should_be(java.lang.String)
Checking key: name, Expected: doggie, Actual: doggie
  And the response should contain the "name" and "doggie" # StepDefinations.StepDefinations.the_response_should_contain_the_and(java.lang.String,java.lang.String)
]]></system-out>
  </testcase>
  <testcase name="Successfully update an existing pet" classname="Validating Pet API" time="1.156">
    <system-out><![CDATA[
@tag @UpdatePet
Scenario Outline: Successfully update an existing pet                     # src/main/resources/Feature/AddPet.feature:57
  Given a pet with ID 10 exists with name "doggie" and status "available" # StepDefinations.StepDefinations.a_pet_with_id_exists_with_name_and_status(java.lang.Integer,java.lang.String,java.lang.String)
  And I have a valid pet payload with 10 "dogzilla" "pending" for update  # StepDefinations.StepDefinations.i_have_a_valid_pet_payload_with_for_update(int,java.lang.String,java.lang.String)
Request URL: /pet
Response Status Code: 200
Response Body: {"id":10,"category":{"id":10,"name":"Dogs"},"name":"dogzilla","photoUrls":["string"],"tags":[{"id":0,"name":"string"}],"status":"pending"}
  When user sends "UpdatePetAPI" with "put" http request                  # StepDefinations.StepDefinations.user_sends_with_post_http_request(java.lang.String,java.lang.String)
  Then the response status code should be "200"                           # StepDefinations.StepDefinations.the_response_status_code_should_be(java.lang.String)
Checking key: name, Expected: dogzilla, Actual: dogzilla
  And the response should contain the "name" and "dogzilla"               # StepDefinations.StepDefinations.the_response_should_contain_the_and(java.lang.String,java.lang.String)
]]></system-out>
  </testcase>
  <testcase name="Verify if delete pet functionality is working" classname="Validating Pet API" time="0.553">
    <system-out><![CDATA[
@tag @DeletePet
Scenario Outline: Verify if delete pet functionality is working # src/main/resources/Feature/AddPet.feature:69
  Given I have a valid pet ID 10                                # StepDefinations.StepDefinations.i_have_a_valid_pet_id(java.lang.Integer)
Request URL: /pet/10
Response Status Code: 200
Response Body: Pet deleted
  When user sends "DeletePetAPI" with "delete" http request     # StepDefinations.StepDefinations.user_sends_with_post_http_request(java.lang.String,java.lang.String)
  Then the response status code should be "200"                 # StepDefinations.StepDefinations.the_response_status_code_should_be(java.lang.String)
]]></system-out>
  </testcase>
</testsuite>